2025-09-20 12:18:11,695 - WARNING - From D:\Code4eEdTech\cv_env\Lib\site-packages\keras\src\backend\common\global_state.py:82: The name tf.reset_default_graph is deprecated. Please use tf.compat.v1.reset_default_graph instead.

2025-09-20 12:18:54,423 - INFO - File validation successful: Img3.jpeg
2025-09-20 12:18:54,632 - INFO - Image quality validation: {'resolution': (1026, 1062), 'contrast': np.float64(41.67109356349819), 'blur_score': np.float64(2795.0971875266905), 'brightness': np.float64(154.688866312045), 'warnings': [], 'is_valid': True}
2025-09-20 12:18:54,749 - ERROR - Processing error in OMR Processing: Set 'Set-A' not found. Available sets: ['Set - A', 'Set - B']
2025-09-20 13:18:36,030 - WARNING - From D:\Code4eEdTech\cv_env\Lib\site-packages\keras\src\backend\common\global_state.py:82: The name tf.reset_default_graph is deprecated. Please use tf.compat.v1.reset_default_graph instead.

2025-09-20 13:18:48,955 - INFO - File validation successful: Img3.jpeg
2025-09-20 13:18:49,045 - INFO - Image quality validation: {'resolution': (1026, 1062), 'contrast': np.float64(41.67109356349819), 'blur_score': np.float64(2795.0971875266905), 'brightness': np.float64(154.688866312045), 'warnings': [], 'is_valid': True}
2025-09-20 13:18:49,146 - INFO - Answer key validation successful for set: Set - A
2025-09-20 13:19:44,964 - INFO - File validation successful: Img2.jpeg
2025-09-20 13:19:45,076 - INFO - Image quality validation: {'resolution': (1100, 1141), 'contrast': np.float64(45.30893589709199), 'blur_score': np.float64(2720.7544164498363), 'brightness': np.float64(177.0744004461796), 'warnings': [], 'is_valid': True}
2025-09-20 13:19:45,169 - INFO - Answer key validation successful for set: Set - A
2025-09-20 13:27:23,567 - WARNING - From D:\Code4eEdTech\cv_env\Lib\site-packages\keras\src\backend\common\global_state.py:82: The name tf.reset_default_graph is deprecated. Please use tf.compat.v1.reset_default_graph instead.

2025-09-20 13:28:19,752 - INFO - File validation successful: Img3.jpeg
2025-09-20 13:28:19,890 - INFO - Image quality validation: {'resolution': (1026, 1062), 'contrast': np.float64(41.67109356349819), 'blur_score': np.float64(2795.0971875266905), 'brightness': np.float64(154.688866312045), 'warnings': [], 'is_valid': True}
2025-09-20 13:28:20,029 - INFO - Answer key validation successful for set: Set - A
2025-09-20 13:28:20,753 - ERROR - Error in extract_responses: OpenCV(4.12.0) :-1: error: (-5:Bad argument) in function 'GaussianBlur'
> Overload resolution failed:
>  - src is not a numpy array, neither a scalar
>  - Expected Ptr<cv::UMat> for argument 'src'

2025-09-20 13:28:20,755 - ERROR - Processing error in OMR Processing: Error in extract_responses: OpenCV(4.12.0) :-1: error: (-5:Bad argument) in function 'GaussianBlur'
> Overload resolution failed:
>  - src is not a numpy array, neither a scalar
>  - Expected Ptr<cv::UMat> for argument 'src'

2025-09-20 13:31:44,922 - INFO - File validation successful: Img3.jpeg
2025-09-20 13:31:44,978 - INFO - Image quality validation: {'resolution': (1026, 1062), 'contrast': np.float64(41.67109356349819), 'blur_score': np.float64(2795.0971875266905), 'brightness': np.float64(154.688866312045), 'warnings': [], 'is_valid': True}
2025-09-20 13:31:45,040 - INFO - Answer key validation successful for set: Set - A
2025-09-20 13:33:19,473 - WARNING - From D:\Code4eEdTech\cv_env\Lib\site-packages\keras\src\backend\common\global_state.py:82: The name tf.reset_default_graph is deprecated. Please use tf.compat.v1.reset_default_graph instead.

2025-09-20 13:33:28,010 - INFO - File validation successful: Img3.jpeg
2025-09-20 13:33:28,099 - INFO - Image quality validation: {'resolution': (1026, 1062), 'contrast': np.float64(41.67109356349819), 'blur_score': np.float64(2795.0971875266905), 'brightness': np.float64(154.688866312045), 'warnings': [], 'is_valid': True}
2025-09-20 13:33:28,193 - INFO - Answer key validation successful for set: Set - A
2025-09-20 13:38:47,988 - INFO - File validation successful: Img3.jpeg
2025-09-20 13:38:48,155 - INFO - Image quality validation: {'resolution': (1026, 1062), 'contrast': np.float64(41.67109356349819), 'blur_score': np.float64(2795.0971875266905), 'brightness': np.float64(154.688866312045), 'warnings': [], 'is_valid': True}
2025-09-20 13:38:48,317 - INFO - Answer key validation successful for set: Set - A
2025-09-20 13:45:39,269 - INFO - File validation successful: Img3.jpeg
2025-09-20 13:45:39,345 - INFO - Image quality validation: {'resolution': (1026, 1062), 'contrast': np.float64(41.67109356349819), 'blur_score': np.float64(2795.0971875266905), 'brightness': np.float64(154.688866312045), 'warnings': [], 'is_valid': True}
2025-09-20 13:45:39,430 - INFO - Answer key validation successful for set: Set - A
2025-09-20 13:53:58,626 - WARNING - From D:\Code4eEdTech\cv_env\Lib\site-packages\keras\src\backend\common\global_state.py:82: The name tf.reset_default_graph is deprecated. Please use tf.compat.v1.reset_default_graph instead.

2025-09-20 13:54:22,603 - INFO - File validation successful: Img3.jpeg
2025-09-20 13:54:22,664 - INFO - Image quality validation: {'resolution': (1026, 1062), 'contrast': np.float64(41.67109356349819), 'blur_score': np.float64(2795.0971875266905), 'brightness': np.float64(154.688866312045), 'warnings': [], 'is_valid': True}
2025-09-20 13:54:22,730 - INFO - Answer key validation successful for set: Set - A
2025-09-20 13:55:10,966 - INFO - File validation successful: Img4.jpeg
2025-09-20 13:55:11,049 - INFO - Image quality validation: {'resolution': (1009, 963), 'contrast': np.float64(41.491737913182725), 'blur_score': np.float64(2002.5245842559725), 'brightness': np.float64(153.28971859700906), 'warnings': ['Low resolution detected. Minimum recommended: 800x1000'], 'is_valid': True}
2025-09-20 13:55:11,143 - INFO - Answer key validation successful for set: Set - A
2025-09-20 13:55:28,841 - INFO - File validation successful: Img16.jpeg
2025-09-20 13:55:28,904 - INFO - Image quality validation: {'resolution': (899, 883), 'contrast': np.float64(32.49169192572441), 'blur_score': np.float64(1104.2583297462843), 'brightness': np.float64(186.9792785994757), 'warnings': ['Low resolution detected. Minimum recommended: 800x1000'], 'is_valid': True}
2025-09-20 13:55:28,990 - INFO - Answer key validation successful for set: Set - A
2025-09-20 13:55:57,088 - INFO - File validation successful: Img7.jpeg
2025-09-20 13:55:57,170 - INFO - Image quality validation: {'resolution': (991, 943), 'contrast': np.float64(32.31652749312372), 'blur_score': np.float64(1432.8820165724926), 'brightness': np.float64(161.5392006317729), 'warnings': ['Low resolution detected. Minimum recommended: 800x1000'], 'is_valid': True}
2025-09-20 13:55:57,267 - INFO - Answer key validation successful for set: Set - A
2025-09-20 14:14:01,323 - WARNING - From D:\Code4eEdTech\cv_env\Lib\site-packages\keras\src\backend\common\global_state.py:82: The name tf.reset_default_graph is deprecated. Please use tf.compat.v1.reset_default_graph instead.

2025-09-20 14:15:05,406 - WARNING - From D:\Code4eEdTech\cv_env\Lib\site-packages\keras\src\backend\common\global_state.py:82: The name tf.reset_default_graph is deprecated. Please use tf.compat.v1.reset_default_graph instead.

2025-09-20 14:15:12,916 - INFO - File validation successful: Img2.jpeg
2025-09-20 14:15:13,024 - INFO - Image quality validation: {'resolution': (1100, 1141), 'contrast': np.float64(45.30893589709199), 'blur_score': np.float64(2720.7544164498363), 'brightness': np.float64(177.0744004461796), 'warnings': [], 'is_valid': True}
2025-09-20 14:15:13,103 - INFO - Answer key validation successful for set: Set - A
2025-09-20 14:15:53,950 - INFO - File validation successful: Img17.jpeg
2025-09-20 14:15:54,017 - INFO - Image quality validation: {'resolution': (928, 898), 'contrast': np.float64(24.657904568328757), 'blur_score': np.float64(386.43382554330253), 'brightness': np.float64(193.82650142078182), 'warnings': ['Low resolution detected. Minimum recommended: 800x1000', 'Low contrast detected'], 'is_valid': True}
2025-09-20 14:15:54,106 - INFO - Answer key validation successful for set: Set - A
2025-09-20 14:24:20,233 - WARNING - From D:\Code4eEdTech\cv_env\Lib\site-packages\keras\src\backend\common\global_state.py:82: The name tf.reset_default_graph is deprecated. Please use tf.compat.v1.reset_default_graph instead.

2025-09-20 14:24:42,256 - INFO - File validation successful: Img8.jpeg
2025-09-20 14:24:42,340 - INFO - Image quality validation: {'resolution': (990, 898), 'contrast': np.float64(27.322852592683105), 'blur_score': np.float64(526.7204098113222), 'brightness': np.float64(177.31224156936852), 'warnings': ['Low resolution detected. Minimum recommended: 800x1000', 'Low contrast detected'], 'is_valid': True}
2025-09-20 14:24:42,439 - INFO - Answer key validation successful for set: Set - A
2025-09-20 14:25:04,377 - INFO - File validation successful: Img8.jpeg
2025-09-20 14:25:04,447 - INFO - Image quality validation: {'resolution': (990, 898), 'contrast': np.float64(27.322852592683105), 'blur_score': np.float64(526.7204098113222), 'brightness': np.float64(177.31224156936852), 'warnings': ['Low resolution detected. Minimum recommended: 800x1000', 'Low contrast detected'], 'is_valid': True}
2025-09-20 14:25:06,357 - INFO - File validation successful: Img8.jpeg
2025-09-20 14:25:06,428 - INFO - Image quality validation: {'resolution': (990, 898), 'contrast': np.float64(27.322852592683105), 'blur_score': np.float64(526.7204098113222), 'brightness': np.float64(177.31224156936852), 'warnings': ['Low resolution detected. Minimum recommended: 800x1000', 'Low contrast detected'], 'is_valid': True}
2025-09-20 14:25:06,517 - INFO - Answer key validation successful for set: Set - A
2025-09-20 14:25:39,017 - INFO - File validation successful: Img8.jpeg
2025-09-20 14:25:39,088 - INFO - Image quality validation: {'resolution': (990, 898), 'contrast': np.float64(27.322852592683105), 'blur_score': np.float64(526.7204098113222), 'brightness': np.float64(177.31224156936852), 'warnings': ['Low resolution detected. Minimum recommended: 800x1000', 'Low contrast detected'], 'is_valid': True}
2025-09-20 14:25:39,191 - INFO - Answer key validation successful for set: Set - A
2025-09-20 14:41:30,244 - WARNING - From D:\Code4eEdTech\cv_env\Lib\site-packages\keras\src\backend\common\global_state.py:82: The name tf.reset_default_graph is deprecated. Please use tf.compat.v1.reset_default_graph instead.

2025-09-20 14:41:43,756 - INFO - File validation successful: Img8.jpeg
2025-09-20 14:41:43,836 - INFO - Image quality validation: {'resolution': (990, 898), 'contrast': np.float64(27.322852592683105), 'blur_score': np.float64(526.7204098113222), 'brightness': np.float64(177.31224156936852), 'warnings': ['Low resolution detected. Minimum recommended: 800x1000', 'Low contrast detected'], 'is_valid': True}
2025-09-20 14:41:43,956 - INFO - Answer key validation successful for set: Set - A
2025-09-20 15:08:00,105 - WARNING - From D:\Code4eEdTech\cv_env\Lib\site-packages\keras\src\backend\common\global_state.py:82: The name tf.reset_default_graph is deprecated. Please use tf.compat.v1.reset_default_graph instead.

2025-09-20 15:08:24,946 - INFO - File validation successful: Img8.jpeg
2025-09-20 15:08:25,030 - INFO - Image quality validation: {'resolution': (990, 898), 'contrast': np.float64(27.322852592683105), 'blur_score': np.float64(526.7204098113222), 'brightness': np.float64(177.31224156936852), 'warnings': ['Low resolution detected. Minimum recommended: 800x1000', 'Low contrast detected'], 'is_valid': True}
2025-09-20 15:08:25,152 - INFO - Answer key validation successful for set: Set - A
2025-09-20 15:08:26,338 - WARNING - Compiled the loaded model, but the compiled metrics have yet to be built. `model.compile_metrics` will be empty until you train or evaluate the model.
2025-09-20 15:30:08,199 - WARNING - From D:\Code4eEdTech\cv_env\Lib\site-packages\keras\src\backend\common\global_state.py:82: The name tf.reset_default_graph is deprecated. Please use tf.compat.v1.reset_default_graph instead.

2025-09-20 15:30:49,106 - INFO - File validation successful: Img17.jpeg
2025-09-20 15:30:49,198 - INFO - Image quality validation: {'resolution': (928, 898), 'contrast': np.float64(24.657904568328757), 'blur_score': np.float64(386.43382554330253), 'brightness': np.float64(193.82650142078182), 'warnings': ['Low resolution detected. Minimum recommended: 800x1000', 'Low contrast detected'], 'is_valid': True}
2025-09-20 15:30:49,307 - INFO - Answer key validation successful for set: Set - A
2025-09-20 15:33:47,473 - WARNING - From D:\Code4eEdTech\cv_env\Lib\site-packages\keras\src\backend\common\global_state.py:82: The name tf.reset_default_graph is deprecated. Please use tf.compat.v1.reset_default_graph instead.

2025-09-20 15:39:57,341 - WARNING - From D:\Code4eEdTech\cv_env\Lib\site-packages\keras\src\backend\common\global_state.py:82: The name tf.reset_default_graph is deprecated. Please use tf.compat.v1.reset_default_graph instead.

2025-09-20 15:40:19,730 - INFO - File validation successful: Img17.jpeg
2025-09-20 15:40:19,813 - INFO - Image quality validation: {'resolution': (928, 898), 'contrast': np.float64(24.657904568328757), 'blur_score': np.float64(386.43382554330253), 'brightness': np.float64(193.82650142078182), 'warnings': ['Low resolution detected. Minimum recommended: 800x1000', 'Low contrast detected'], 'is_valid': True}
2025-09-20 15:40:19,917 - INFO - Answer key validation successful for set: Set - A
2025-09-20 15:57:13,403 - WARNING - From D:\Code4eEdTech\cv_env\Lib\site-packages\keras\src\backend\common\global_state.py:82: The name tf.reset_default_graph is deprecated. Please use tf.compat.v1.reset_default_graph instead.

2025-09-20 15:57:25,983 - INFO - File validation successful: Img17.jpeg
2025-09-20 15:57:26,059 - INFO - Image quality validation: {'resolution': (928, 898), 'contrast': np.float64(24.657904568328757), 'blur_score': np.float64(386.43382554330253), 'brightness': np.float64(193.82650142078182), 'warnings': ['Low resolution detected. Minimum recommended: 800x1000', 'Low contrast detected'], 'is_valid': True}
2025-09-20 15:57:26,148 - INFO - Answer key validation successful for set: Set - A
2025-09-20 15:57:44,430 - INFO - File validation successful: Img1.jpeg
2025-09-20 15:57:44,540 - INFO - Image quality validation: {'resolution': (1200, 1122), 'contrast': np.float64(35.3205584031457), 'blur_score': np.float64(812.9218183650139), 'brightness': np.float64(170.34443701723114), 'warnings': [], 'is_valid': True}
2025-09-20 15:57:44,633 - INFO - Answer key validation successful for set: Set - A
